This file contains any messages produced by compilers while
running configure, to aid debugging if configure makes a mistake.

It was created by surfraw configure 2.2.9, which was
generated by GNU Autoconf 2.69.  Invocation command line was

  $ ./configure 

## --------- ##
## Platform. ##
## --------- ##

hostname = speakerbox
uname -m = x86_64
uname -r = 4.6.2i
uname -s = Linux
uname -v = #14 SMP Mon Jul 11 21:39:22 PDT 2016

/usr/bin/uname -p = unknown
/bin/uname -X     = unknown

/bin/arch              = unknown
/usr/bin/arch -k       = unknown
/usr/convex/getsysinfo = unknown
/usr/bin/hostinfo      = unknown
/bin/machine           = unknown
/usr/bin/oslevel       = unknown
/bin/universe          = unknown

PATH: /sbin
PATH: /usr/sbin
PATH: /opt/sbin
PATH: /bin
PATH: /usr/bin
PATH: /opt/bin
PATH: /home/lemon/bin


## ----------- ##
## Core tests. ##
## ----------- ##

configure:1770: checking for a BSD-compatible install
configure:1838: result: /usr/bin/install -c
configure:1849: checking whether build environment is sane
configure:1886: result: yes
configure:2013: checking for a thread-safe mkdir -p
configure:2052: result: /bin/mkdir -p
configure:2065: checking for gawk
configure:2081: found /usr/bin/gawk
configure:2092: result: gawk
configure:2103: checking whether make sets $(MAKE)
configure:2125: result: yes
configure:2206: checking whether to enable local OpenSearch support
configure:2215: result: yes
configure:2226: checking whether to install sr alias
configure:2235: result: yes
configure:2251: checking for lynx
configure:2281: result: no
configure:2251: checking for links2
configure:2281: result: no
configure:2251: checking for links
configure:2281: result: no
configure:2251: checking for elinks
configure:2281: result: no
configure:2251: checking for w3m
configure:2267: found /usr/bin/w3m
configure:2278: result: w3m
configure:2295: checking for iceweasel
configure:2325: result: no
configure:2295: checking for firefox
configure:2325: result: no
configure:2295: checking for google-chrome
configure:2325: result: no
configure:2295: checking for opera
configure:2325: result: no
configure:2295: checking for mozilla
configure:2325: result: no
configure:2295: checking for xombrero
configure:2325: result: no
configure:2295: checking for luakit
configure:2325: result: no
configure:2295: checking for safari
configure:2325: result: no
configure:2295: checking for epiphany-browser
configure:2325: result: no
configure:2295: checking for konqueror
configure:2325: result: no
configure:2295: checking for galeon
configure:2325: result: no
configure:2295: checking for kazenhakase
configure:2325: result: no
configure:2295: checking for conkeror
configure:2325: result: no
configure:2295: checking for dillo
configure:2325: result: no
configure:2295: checking for netscape
configure:2325: result: no
configure:2295: checking for chromium
configure:2325: result: no
configure:2295: checking for chrome
configure:2325: result: no
configure:2367: checking for gawk
configure:2394: result: gawk
configure:2566: creating ./config.status

## ---------------------- ##
## Running config.status. ##
## ---------------------- ##

This file was extended by surfraw config.status 2.2.9, which was
generated by GNU Autoconf 2.69.  Invocation command line was

  CONFIG_FILES    = 
  CONFIG_HEADERS  = 
  CONFIG_LINKS    = 
  CONFIG_COMMANDS = 
  $ ./config.status 

on speakerbox

config.status:751: creating Makefile
config.status:751: creating surfraw.lsm
config.status:751: creating surfraw.spec
config.status:751: creating elvi/Makefile
config.status:751: creating test/Makefile
config.status:751: creating examples/Makefile

## ---------------- ##
## Cache variables. ##
## ---------------- ##

ac_cv_env_build_alias_set=''
ac_cv_env_build_alias_value=''
ac_cv_env_host_alias_set=''
ac_cv_env_host_alias_value=''
ac_cv_env_target_alias_set=''
ac_cv_env_target_alias_value=''
ac_cv_path_install='/usr/bin/install -c'
ac_cv_path_mkdir='/bin/mkdir'
ac_cv_prog_AWK='gawk'
ac_cv_prog_TEXTBROWSER='w3m'
ac_cv_prog_make_make_set='yes'

## ----------------- ##
## Output variables. ##
## ----------------- ##

ACLOCAL='${SHELL} /home/lemon/build/surfraw/surfraw-2.2.9/missing --run aclocal-1.10'
AMTAR='${SHELL} /home/lemon/build/surfraw/surfraw-2.2.9/missing --run tar'
AUTOCONF='${SHELL} /home/lemon/build/surfraw/surfraw-2.2.9/missing --run autoconf'
AUTOHEADER='${SHELL} /home/lemon/build/surfraw/surfraw-2.2.9/missing --run autoheader'
AUTOMAKE='${SHELL} /home/lemon/build/surfraw/surfraw-2.2.9/missing --run automake-1.10'
AWK='gawk'
CYGPATH_W='echo'
DEFS='-DPACKAGE_NAME=\"surfraw\" -DPACKAGE_TARNAME=\"surfraw\" -DPACKAGE_VERSION=\"2.2.9\" -DPACKAGE_STRING=\"surfraw\ 2.2.9\" -DPACKAGE_BUGREPORT=\"\" -DPACKAGE_URL=\"\" -DPACKAGE=\"surfraw\" -DVERSION=\"2.2.9\"'
ECHO_C=''
ECHO_N='-n'
ECHO_T=''
ELVIDIR='$(libdir)/surfraw'
GRAPHICALBROWSER=''
INSTALLSR_FALSE='#'
INSTALLSR_TRUE=''
INSTALL_DATA='${INSTALL} -m 644'
INSTALL_PROGRAM='${INSTALL}'
INSTALL_SCRIPT='${INSTALL}'
INSTALL_STRIP_PROGRAM='$(install_sh) -c -s'
ISODATE='2016-07-12'
LIBOBJS=''
LIBS=''
LTLIBOBJS=''
MAKEINFO='${SHELL} /home/lemon/build/surfraw/surfraw-2.2.9/missing --run makeinfo'
MKDIR_P='/bin/mkdir -p'
OPENSEARCH_FALSE='#'
OPENSEARCH_TRUE=''
PACKAGE='surfraw'
PACKAGE_BUGREPORT=''
PACKAGE_NAME='surfraw'
PACKAGE_STRING='surfraw 2.2.9'
PACKAGE_TARNAME='surfraw'
PACKAGE_URL=''
PACKAGE_VERSION='2.2.9'
PATH_SEPARATOR=':'
SET_MAKE=''
SHELL='/bin/sh'
STRIP=''
TEXTBROWSER='w3m'
VERSION='2.2.9'
am__isrc=''
am__leading_dot='.'
am__tar='${AMTAR} chof - "$$tardir"'
am__untar='${AMTAR} xf -'
bindir='${exec_prefix}/bin'
build_alias=''
datadir='${datarootdir}'
datarootdir='${prefix}/share'
docdir='${datarootdir}/doc/${PACKAGE_TARNAME}'
dvidir='${docdir}'
exec_prefix='${prefix}'
host_alias=''
htmldir='${docdir}'
includedir='${prefix}/include'
infodir='${datarootdir}/info'
install_sh='$(SHELL) /home/lemon/build/surfraw/surfraw-2.2.9/install-sh'
libdir='${exec_prefix}/lib'
libexecdir='${exec_prefix}/libexec'
localedir='${datarootdir}/locale'
localstatedir='${prefix}/var'
mandir='${datarootdir}/man'
mkdir_p='/bin/mkdir -p'
oldincludedir='/usr/include'
pdfdir='${docdir}'
prefix='/usr/local'
program_transform_name='s,x,x,'
psdir='${docdir}'
sbindir='${exec_prefix}/sbin'
sharedstatedir='${prefix}/com'
sysconfdir='${prefix}/etc'
target_alias=''

## ----------- ##
## confdefs.h. ##
## ----------- ##

/* confdefs.h */
#define PACKAGE_NAME "surfraw"
#define PACKAGE_TARNAME "surfraw"
#define PACKAGE_VERSION "2.2.9"
#define PACKAGE_STRING "surfraw 2.2.9"
#define PACKAGE_BUGREPORT ""
#define PACKAGE_URL ""
#define PACKAGE "surfraw"
#define VERSION "2.2.9"

configure: exit 0
